<?xml version="1.0" encoding="UTF-8"?>
<!-- Generated by org.testng.reporters.JUnitXMLReporter -->
<testsuite ignored="0" hostname="LAPTOP-6A9VMB7E" failures="0" tests="5" name="Default test" time="9.858" errors="0" timestamp="2021-10-22T18:39:40 IST">
  <testcase classname="Athetha.RestAssuredProject.tests.TestApiMethods" name="testPostUser" time="3.923"/>
  <testcase classname="Athetha.RestAssuredProject.tests.TestApiMethods" name="testGetUserByName" time="1.755"/>
  <testcase classname="Athetha.RestAssuredProject.tests.TestApiMethods" name="testDeleteUserByName" time="1.435"/>
  <testcase classname="Athetha.RestAssuredProject.tests.TestApiMethods" name="testPutUserByName" time="1.268"/>
  <testcase classname="Athetha.RestAssuredProject.tests.TestApiMethods" name="testGetlogin" time="1.375"/>
</testsuite> <!-- Default test -->
